# JRE version: Java(TM) SE Runtime Environment (8.0_101-b13) (build 1.8.0_101-b13)
# Java VM: Java HotSpot(TM) 64-Bit Server VM (25.101-b13 mixed mode linux-amd64 compressed oops)
Heap:
 PSYoungGen      total 130048K, used 8185K [0x00000000eb800000, 0x00000000f4080000, 0x0000000100000000)
  eden space 121856K, 0% used [0x00000000eb800000,0x00000000eb800000,0x00000000f2f00000)
  from space 8192K, 99% used [0x00000000f3080000,0x00000000f387e4d0,0x00000000f3880000)
  to   space 4608K, 0% used [0x00000000f3c00000,0x00000000f3c00000,0x00000000f4080000)
 ParOldGen       total 34304K, used 19188K [0x00000000c2800000, 0x00000000c4980000, 0x00000000eb800000)
  object space 34304K, 55% used [0x00000000c2800000,0x00000000c3abd0f8,0x00000000c4980000)
 Metaspace       used 31769K, capacity 33188K, committed 33328K, reserved 1079296K
  class space    used 4123K, capacity 4389K, committed 4400K, reserved 1048576K
GC Heap History (10 events):
Event: 1.719 GC heap after
Heap after GC invocations=3 (full 0):
 PSYoungGen      total 34304K, used 2544K [0x00000000eb800000, 0x00000000efb00000, 0x0000000100000000)
  eden space 31744K, 0% used [0x00000000eb800000,0x00000000eb800000,0x00000000ed700000)
  from space 2560K, 99% used [0x00000000ed700000,0x00000000ed97c010,0x00000000ed980000)
  to   space 2560K, 0% used [0x00000000ef880000,0x00000000ef880000,0x00000000efb00000)
 ParOldGen       total 42496K, used 3821K [0x00000000c2800000, 0x00000000c5180000, 0x00000000eb800000)
  object space 42496K, 8% used [0x00000000c2800000,0x00000000c2bbb7f0,0x00000000c5180000)
 Metaspace       used 13360K, capacity 13832K, committed 13952K, reserved 1060864K
  class space    used 1720K, capacity 1855K, committed 1920K, reserved 1048576K
}
Event: 2.087 GC heap before
{Heap before GC invocations=4 (full 0):
 PSYoungGen      total 34304K, used 34288K [0x00000000eb800000, 0x00000000efb00000, 0x0000000100000000)
  eden space 31744K, 100% used [0x00000000eb800000,0x00000000ed700000,0x00000000ed700000)
  from space 2560K, 99% used [0x00000000ed700000,0x00000000ed97c010,0x00000000ed980000)
  to   space 2560K, 0% used [0x00000000ef880000,0x00000000ef880000,0x00000000efb00000)
 ParOldGen       total 42496K, used 3821K [0x00000000c2800000, 0x00000000c5180000, 0x00000000eb800000)
  object space 42496K, 8% used [0x00000000c2800000,0x00000000c2bbb7f0,0x00000000c5180000)
 Metaspace       used 16350K, capacity 16864K, committed 17024K, reserved 1064960K
  class space    used 2158K, capacity 2305K, committed 2432K, reserved 1048576K
Event: 2.100 GC heap after
Heap after GC invocations=4 (full 0):
 PSYoungGen      total 66048K, used 2528K [0x00000000eb800000, 0x00000000efb00000, 0x0000000100000000)
  eden space 63488K, 0% used [0x00000000eb800000,0x00000000eb800000,0x00000000ef600000)
  from space 2560K, 98% used [0x00000000ef880000,0x00000000efaf8020,0x00000000efb00000)
  to   space 2560K, 0% used [0x00000000ef600000,0x00000000ef600000,0x00000000ef880000)
 ParOldGen       total 42496K, used 7072K [0x00000000c2800000, 0x00000000c5180000, 0x00000000eb800000)
  object space 42496K, 16% used [0x00000000c2800000,0x00000000c2ee81a8,0x00000000c5180000)
 Metaspace       used 16350K, capacity 16864K, committed 17024K, reserved 1064960K
  class space    used 2158K, capacity 2305K, committed 2432K, reserved 1048576K
}
Event: 2.476 GC heap before
{Heap before GC invocations=5 (full 0):
 PSYoungGen      total 66048K, used 42103K [0x00000000eb800000, 0x00000000efb00000, 0x0000000100000000)
  eden space 63488K, 62% used [0x00000000eb800000,0x00000000edea5ce8,0x00000000ef600000)
  from space 2560K, 98% used [0x00000000ef880000,0x00000000efaf8020,0x00000000efb00000)
  to   space 2560K, 0% used [0x00000000ef600000,0x00000000ef600000,0x00000000ef880000)
 ParOldGen       total 42496K, used 7072K [0x00000000c2800000, 0x00000000c5180000, 0x00000000eb800000)
  object space 42496K, 16% used [0x00000000c2800000,0x00000000c2ee81a8,0x00000000c5180000)
 Metaspace       used 20615K, capacity 21206K, committed 21296K, reserved 1067008K
  class space    used 2665K, capacity 2852K, committed 2864K, reserved 1048576K
Event: 2.483 GC heap after
Heap after GC invocations=5 (full 0):
 PSYoungGen      total 66048K, used 2560K [0x00000000eb800000, 0x00000000f4400000, 0x0000000100000000)
  eden space 63488K, 0% used [0x00000000eb800000,0x00000000eb800000,0x00000000ef600000)
  from space 2560K, 100% used [0x00000000ef600000,0x00000000ef880000,0x00000000ef880000)
  to   space 8192K, 0% used [0x00000000f3c00000,0x00000000f3c00000,0x00000000f4400000)
 ParOldGen       total 42496K, used 11832K [0x00000000c2800000, 0x00000000c5180000, 0x00000000eb800000)
  object space 42496K, 27% used [0x00000000c2800000,0x00000000c338e318,0x00000000c5180000)
 Metaspace       used 20615K, capacity 21206K, committed 21296K, reserved 1067008K
  class space    used 2665K, capacity 2852K, committed 2864K, reserved 1048576K
}
Event: 2.483 GC heap before
{Heap before GC invocations=6 (full 1):
 PSYoungGen      total 66048K, used 2560K [0x00000000eb800000, 0x00000000f4400000, 0x0000000100000000)
  eden space 63488K, 0% used [0x00000000eb800000,0x00000000eb800000,0x00000000ef600000)
  from space 2560K, 100% used [0x00000000ef600000,0x00000000ef880000,0x00000000ef880000)
  to   space 8192K, 0% used [0x00000000f3c00000,0x00000000f3c00000,0x00000000f4400000)
 ParOldGen       total 42496K, used 11832K [0x00000000c2800000, 0x00000000c5180000, 0x00000000eb800000)
  object space 42496K, 27% used [0x00000000c2800000,0x00000000c338e318,0x00000000c5180000)
 Metaspace       used 20615K, capacity 21206K, committed 21296K, reserved 1067008K
  class space    used 2665K, capacity 2852K, committed 2864K, reserved 1048576K
Event: 2.514 GC heap after
Heap after GC invocations=6 (full 1):
 PSYoungGen      total 66048K, used 0K [0x00000000eb800000, 0x00000000f4400000, 0x0000000100000000)
  eden space 63488K, 0% used [0x00000000eb800000,0x00000000eb800000,0x00000000ef600000)
  from space 2560K, 0% used [0x00000000ef600000,0x00000000ef600000,0x00000000ef880000)
  to   space 8192K, 0% used [0x00000000f3c00000,0x00000000f3c00000,0x00000000f4400000)
 ParOldGen       total 34304K, used 10664K [0x00000000c2800000, 0x00000000c4980000, 0x00000000eb800000)
  object space 34304K, 31% used [0x00000000c2800000,0x00000000c326a3b8,0x00000000c4980000)
 Metaspace       used 20615K, capacity 21206K, committed 21296K, reserved 1067008K
  class space    used 2665K, capacity 2852K, committed 2864K, reserved 1048576K
}
Event: 2.948 GC heap before
{Heap before GC invocations=7 (full 1):
 PSYoungGen      total 66048K, used 63488K [0x00000000eb800000, 0x00000000f4400000, 0x0000000100000000)
  eden space 63488K, 100% used [0x00000000eb800000,0x00000000ef600000,0x00000000ef600000)
  from space 2560K, 0% used [0x00000000ef600000,0x00000000ef600000,0x00000000ef880000)
  to   space 8192K, 0% used [0x00000000f3c00000,0x00000000f3c00000,0x00000000f4400000)
 ParOldGen       total 34304K, used 10664K [0x00000000c2800000, 0x00000000c4980000, 0x00000000eb800000)
  object space 34304K, 31% used [0x00000000c2800000,0x00000000c326a3b8,0x00000000c4980000)
 Metaspace       used 23609K, capacity 24358K, committed 24496K, reserved 1071104K
  class space    used 3027K, capacity 3224K, committed 3248K, reserved 1048576K
Event: 3.071 GC heap after
Heap after GC invocations=7 (full 1):
 PSYoungGen      total 126464K, used 4422K [0x00000000eb800000, 0x00000000f4080000, 0x0000000100000000)
  eden space 121856K, 0% used [0x00000000eb800000,0x00000000eb800000,0x00000000f2f00000)
  from space 4608K, 95% used [0x00000000f3c00000,0x00000000f4051808,0x00000000f4080000)
  to   space 8192K, 0% used [0x00000000f3080000,0x00000000f3080000,0x00000000f3880000)
 ParOldGen       total 34304K, used 10736K [0x00000000c2800000, 0x00000000c4980000, 0x00000000eb800000)
  object space 34304K, 31% used [0x00000000c2800000,0x00000000c327c3c8,0x00000000c4980000)
 Metaspace       used 23609K, capacity 24358K, committed 24496K, reserved 1071104K
  class space    used 3027K, capacity 3224K, committed 3248K, reserved 1048576K
}
Event: 5.205 GC heap before
{Heap before GC invocations=8 (full 1):
 PSYoungGen      total 126464K, used 126278K [0x00000000eb800000, 0x00000000f4080000, 0x0000000100000000)
  eden space 121856K, 100% used [0x00000000eb800000,0x00000000f2f00000,0x00000000f2f00000)
  from space 4608K, 95% used [0x00000000f3c00000,0x00000000f4051808,0x00000000f4080000)
  to   space 8192K, 0% used [0x00000000f3080000,0x00000000f3080000,0x00000000f3880000)
 ParOldGen       total 34304K, used 10736K [0x00000000c2800000, 0x00000000c4980000, 0x00000000eb800000)
  object space 34304K, 31% used [0x00000000c2800000,0x00000000c327c3c8,0x00000000c4980000)
 Metaspace       used 31769K, capacity 33188K, committed 33328K, reserved 1079296K
  class space    used 4123K, capacity 4389K, committed 4400K, reserved 1048576K

